<?xml version="1.0" encoding="UTF-8"?>
<Site BuildName="Linux-c++"
	BuildStamp="20230607-0934-Experimental"
	Name="raquelcg"
	Generator="ctest-3.16.3"
	CompilerName="/usr/bin/c++"
	CompilerVersion="9.4.0"
	OSName="Linux"
	Hostname="raquelcg"
	OSRelease="5.15.0-73-generic"
	OSVersion="#80~20.04.1-Ubuntu SMP Wed May 17 14:58:14 UTC 2023"
	OSPlatform="x86_64"
	Is64Bits="1"
	VendorString="GenuineIntel"
	VendorID="Intel Corporation"
	FamilyID="6"
	ModelID="142"
	ProcessorCacheSize="8192"
	NumberOfLogicalCPU="8"
	NumberOfPhysicalCPU="4"
	TotalVirtualMemory="2047"
	TotalPhysicalMemory="15783"
	LogicalProcessorsPerPhysical="2"
	ProcessorClockFrequency="1568.8"
	>
	<Testing>
		<StartDateTime>Jun 07 10:34 WEST</StartDateTime>
		<StartTestTime>1686130482</StartTestTime>
		<TestList/>
		<EndDateTime>Jun 07 10:34 WEST</EndDateTime>
		<EndTestTime>1686130482</EndTestTime>
		<ElapsedMinutes>0</ElapsedMinutes>
	</Testing>
</Site>
